<?xml version="1.0" encoding="UTF-8"?>
<!-- Generated by org.testng.reporters.JUnitXMLReporter -->
<testsuite ignored="0" hostname="aozdemir" failures="0" tests="16" name="Test" time="117.066" errors="0" timestamp="07 Jun 2018 19:38:24 GMT">
  <testcase classname="com.worth.TaxOrSocialTest" name="checkLandingPage" time="5.179"/>
  <testcase classname="com.worth.TaxOrSocialTest" name="startYourApplication" time="1.736"/>
  <testcase classname="com.worth.TaxOrSocialTest" name="selectTaxSocialSecurityContributions" time="2.632"/>
  <testcase classname="com.worth.TaxOrSocialTest" name="fillForumCountryResidence" time="13.304"/>
  <testcase classname="com.worth.TaxOrSocialTest" name="fillForumPersonalInformation" time="10.806"/>
  <testcase classname="com.worth.TaxOrSocialTest" name="fillForumNationality" time="6.161"/>
  <testcase classname="com.worth.TaxOrSocialTest" name="checkSummaryInfo" time="2.148"/>
  <testcase classname="com.worth.TaxOrSocialTest" name="completeYourApplication" time="9.797"/>
  <testcase classname="com.worth.DrivingLicenceTest" name="checkLandingPage" time="5.122"/>
  <testcase classname="com.worth.DrivingLicenceTest" name="startYourApplication" time="1.689"/>
  <testcase classname="com.worth.DrivingLicenceTest" name="selectRenewingDrivingLicense" time="2.6"/>
  <testcase classname="com.worth.DrivingLicenceTest" name="fillForumCountryResidence" time="13.288"/>
  <testcase classname="com.worth.DrivingLicenceTest" name="fillForumPersonalInformation" time="11.157"/>
  <testcase classname="com.worth.DrivingLicenceTest" name="fillForumNationality" time="5.809"/>
  <testcase classname="com.worth.DrivingLicenceTest" name="checkSummaryInfo" time="1.799"/>
  <testcase classname="com.worth.DrivingLicenceTest" name="completeYourApplication" time="9.71"/>
</testsuite> <!-- Test -->
